2019-01-23 10:47:49,720  INFO: 事件引擎创建成功
2019-01-23 10:47:49,816  INFO: 主引擎创建成功
2019-01-23 10:47:49,818  INFO: 注册日志事件监听
2019-01-23 10:47:49,819  INFO: 启动CTA策略运行子进程
2019-01-23 10:47:49,819  INFO: 连接CTP接口
2019-01-23 10:47:49,869  INFO: CTP	行情服务器连接成功
2019-01-23 10:47:50,065  INFO: MAIN_ENGINE	MongoDB连接成功
2019-01-23 10:47:50,066  INFO: CTP	交易服务器连接成功
2019-01-23 10:47:50,069  INFO: CTP	行情服务器登录完成
2019-01-23 10:47:50,069  INFO: CTP	交易服务器登录完成
2019-01-23 10:47:50,071  INFO: CTP	结算信息确认完成
2019-01-23 10:47:51,255  INFO: CTP	交易合约信息获取完成
2019-01-23 10:47:53,989  INFO: 事件引擎创建成功
2019-01-23 10:47:54,007  INFO: 主引擎创建成功
2019-01-23 10:47:54,009  INFO: 注册日志事件监听
2019-01-23 10:47:54,012  INFO: 启动CTA策略运行子进程
2019-01-23 10:47:54,013  INFO: 连接CTP接口
2019-01-23 10:47:54,033  INFO: MAIN_ENGINE	MongoDB连接成功
2019-01-23 10:47:54,072  INFO: CTP	行情服务器连接成功
2019-01-23 10:47:54,073  INFO: CTP	交易服务器连接成功
2019-01-23 10:47:54,108  INFO: CTP	行情服务器登录完成
2019-01-23 10:47:54,111  INFO: CTP	交易服务器登录完成
2019-01-23 10:47:54,230  INFO: CTP	结算信息确认完成
2019-01-23 10:47:54,394  INFO: CTP	交易合约信息获取完成
2019-01-23 10:58:11,992  INFO: 事件引擎创建成功
2019-01-23 10:58:12,000  INFO: 主引擎创建成功
2019-01-23 10:58:12,002  INFO: 注册日志事件监听
2019-01-23 10:58:12,003  INFO: 启动CTA策略运行子进程
2019-01-23 10:58:12,003  INFO: 连接CTP接口
2019-01-23 10:58:12,030  INFO: MAIN_ENGINE	MongoDB连接成功
2019-01-23 10:58:12,053  INFO: CTP	交易服务器连接成功
2019-01-23 10:58:12,088  INFO: CTP	交易服务器登录完成
2019-01-23 10:58:12,160  INFO: CTP	结算信息确认完成
2019-01-23 10:58:12,364  INFO: CTP	交易合约信息获取完成
2019-01-23 10:58:15,076  INFO: CTP	行情服务器连接成功
2019-01-23 10:58:15,124  INFO: CTP	行情服务器登录完成
2019-01-23 10:58:16,138  INFO: 事件引擎创建成功
2019-01-23 10:58:16,148  INFO: 主引擎创建成功
2019-01-23 10:58:16,148  INFO: 注册日志事件监听
2019-01-23 10:58:16,150  INFO: 启动CTA策略运行子进程
2019-01-23 10:58:16,150  INFO: 连接CTP接口
2019-01-23 10:58:16,180  INFO: MAIN_ENGINE	MongoDB连接成功
2019-01-23 10:58:16,217  INFO: CTP	行情服务器连接成功
2019-01-23 10:58:16,217  INFO: CTP	交易服务器连接成功
2019-01-23 10:58:16,237  INFO: CTP	行情服务器登录完成
2019-01-23 10:58:16,244  INFO: CTP	交易服务器登录完成
2019-01-23 10:58:16,365  INFO: CTP	结算信息确认完成
2019-01-23 10:58:16,520  INFO: CTP	交易合约信息获取完成
2019-01-23 16:51:08,413  INFO: CTP	行情服务器连接断开
2019-01-23 16:51:08,413  INFO: CTP	行情服务器连接断开
2019-01-23 16:51:08,417  INFO: CTP	行情服务器连接断开
2019-01-23 16:51:08,434  INFO: CTP	行情服务器连接断开
2019-01-23 16:51:08,436  INFO: CTP	行情服务器连接成功
2019-01-23 16:51:08,450  INFO: CTP	行情服务器连接成功
2019-01-23 16:51:08,450  INFO: CTP	行情服务器连接成功
2019-01-23 16:51:08,454  INFO: CTP	行情服务器连接成功
2019-01-23 16:51:08,911  INFO: CTP	交易服务器连接断开
2019-01-23 16:51:08,927  INFO: CTP	交易服务器连接断开
2019-01-23 16:51:08,930  INFO: CTP	交易服务器连接断开
2019-01-23 16:51:09,180  INFO: CTP	交易服务器连接断开
2019-01-23 16:51:11,960  INFO: CTP	行情服务器连接断开
2019-01-23 16:51:11,963  INFO: CTP	行情服务器连接断开
2019-01-23 16:51:11,982  INFO: CTP	行情服务器连接断开
2019-01-23 16:51:12,010  INFO: CTP	行情服务器连接断开
2019-01-23 17:01:09,165  INFO: CTP	交易服务器连接成功
2019-01-23 17:01:09,168  INFO: CTP	交易服务器连接成功
2019-01-23 17:01:09,177  INFO: CTP	交易服务器连接成功
2019-01-23 17:01:12,937  INFO: CTP	交易服务器连接断开
2019-01-23 17:01:12,967  INFO: CTP	交易服务器连接断开
2019-01-23 17:01:12,974  INFO: CTP	交易服务器连接断开
2019-01-23 17:11:09,736  INFO: CTP	交易服务器连接成功
2019-01-23 17:11:12,938  INFO: CTP	交易服务器连接断开
2019-01-23 17:16:12,559  INFO: CTP	行情服务器连接成功
2019-01-23 17:16:12,601  INFO: CTP	行情服务器连接成功
2019-01-23 17:16:15,918  INFO: CTP	行情服务器连接断开
2019-01-23 17:16:15,918  INFO: CTP	行情服务器连接断开
2019-01-23 17:21:12,684  INFO: CTP	行情服务器连接成功
2019-01-23 17:21:12,706  INFO: CTP	行情服务器连接成功
2019-01-23 17:21:15,914  INFO: CTP	行情服务器连接断开
2019-01-23 17:21:15,927  INFO: CTP	行情服务器连接断开
2019-01-23 17:26:13,351  INFO: CTP	交易服务器连接成功
2019-01-23 17:26:16,917  INFO: CTP	交易服务器连接断开
2019-01-23 17:31:17,033  INFO: CTP	交易服务器连接成功
2019-01-23 17:31:20,884  INFO: CTP	交易服务器连接断开
2019-01-23 17:41:34,877  INFO: CTP	交易服务器连接成功
2019-01-23 17:41:34,897  INFO: CTP	交易服务器连接成功
2019-01-23 17:41:34,920  INFO: CTP	交易服务器连接成功
2019-01-23 17:41:38,859  INFO: CTP	交易服务器连接断开
2019-01-23 17:41:38,869  INFO: CTP	交易服务器连接断开
2019-01-23 17:41:38,875  INFO: CTP	交易服务器连接断开
2019-01-23 17:51:39,109  INFO: CTP	交易服务器连接成功
2019-01-23 17:51:39,111  INFO: CTP	交易服务器连接成功
2019-01-23 17:51:39,154  INFO: CTP	交易服务器连接成功
2019-01-23 17:51:42,835  INFO: CTP	交易服务器连接断开
2019-01-23 17:51:42,865  INFO: CTP	交易服务器连接断开
2019-01-23 17:51:42,865  INFO: CTP	交易服务器连接断开
2019-01-23 17:56:46,687  INFO: CTP	行情服务器连接成功
2019-01-23 17:56:46,696  INFO: CTP	行情服务器连接成功
2019-01-23 17:56:49,842  INFO: CTP	行情服务器连接断开
2019-01-23 17:56:49,851  INFO: CTP	行情服务器连接断开
2019-01-23 18:06:13,184  INFO: CTP	交易服务器连接成功
2019-01-23 18:06:13,198  INFO: CTP	交易服务器连接成功
2019-01-23 18:06:13,210  INFO: CTP	交易服务器连接成功
2019-01-23 18:06:16,812  INFO: CTP	交易服务器连接断开
2019-01-23 18:06:16,828  INFO: CTP	交易服务器连接断开
2019-01-23 18:06:16,832  INFO: CTP	交易服务器连接断开
2019-01-23 18:19:50,927  INFO: CTP	行情服务器连接成功
2019-01-23 18:19:50,966  INFO: CTP	行情服务器登录完成
2019-01-23 18:19:50,976  INFO: CTP	行情服务器连接成功
2019-01-23 18:19:50,977  INFO: CTP	行情服务器登录完成
2019-01-23 18:19:51,980  INFO: CTP	交易服务器连接成功
2019-01-23 18:19:57,348  INFO: CTP	行情服务器连接成功
2019-01-23 18:19:57,355  INFO: CTP	行情服务器登录完成
2019-01-23 18:19:57,359  INFO: CTP	行情服务器连接成功
2019-01-23 18:19:57,361  INFO: CTP	行情服务器登录完成
2019-01-23 18:21:17,160  INFO: CTP	交易服务器连接成功
2019-01-23 18:21:17,171  INFO: CTP	交易服务器连接成功
2019-01-23 18:21:17,177  INFO: CTP	交易服务器连接成功
2019-01-23 18:21:51,992  INFO: CTP	行情服务器连接断开
2019-01-23 18:21:52,029  INFO: CTP	行情服务器连接成功
2019-01-23 18:21:52,069  INFO: CTP	行情服务器登录完成
2019-01-23 18:34:04,566  INFO: CTP	行情服务器连接断开
2019-01-23 18:34:04,635  INFO: CTP	行情服务器连接成功
2019-01-23 18:34:04,637  INFO: CTP	行情服务器连接断开
2019-01-23 18:34:04,674  INFO: CTP	行情服务器连接断开
2019-01-23 18:34:04,687  INFO: CTP	行情服务器连接成功
2019-01-23 18:34:04,707  INFO: CTP	行情服务器连接成功
2019-01-23 18:34:04,713  INFO: CTP	交易服务器连接断开
2019-01-23 18:34:04,714  INFO: CTP	交易服务器连接断开
2019-01-23 18:34:04,733  INFO: CTP	行情服务器登录完成
2019-01-23 18:34:04,750  INFO: CTP	行情服务器登录完成
2019-01-23 18:34:04,753  INFO: CTP	交易服务器连接成功
2019-01-23 18:34:04,755  INFO: CTP	交易服务器连接成功
2019-01-23 18:34:04,790  INFO: CTP	交易服务器连接断开
2019-01-23 18:34:04,792  INFO: CTP	交易服务器连接断开
2019-01-23 18:34:04,808  INFO: CTP	交易服务器连接断开
2019-01-23 18:34:04,844  INFO: CTP	交易服务器连接成功
2019-01-23 18:34:04,859  INFO: CTP	交易服务器连接成功
2019-01-23 18:34:04,859  INFO: CTP	交易服务器连接成功
2019-01-23 18:34:04,881  INFO: CTP	交易服务器连接断开
2019-01-23 18:34:04,882  INFO: CTP	交易服务器连接断开
2019-01-23 18:34:04,882  INFO: CTP	交易服务器连接断开
2019-01-23 18:34:04,917  INFO: CTP	交易服务器连接成功
2019-01-23 18:34:04,920  INFO: CTP	交易服务器连接成功
2019-01-23 18:34:04,920  INFO: CTP	交易服务器连接成功
2019-01-23 18:34:04,957  INFO: CTP	交易服务器连接断开
2019-01-23 18:34:04,957  INFO: CTP	交易服务器连接断开
2019-01-23 18:34:05,028  INFO: CTP	交易服务器连接成功
2019-01-23 18:34:08,023  INFO: CTP	交易服务器连接成功
2019-01-24 15:35:48,105  INFO: 事件引擎创建成功
2019-01-24 15:35:48,128  INFO: 主引擎创建成功
2019-01-24 15:35:48,128  INFO: 注册日志事件监听
2019-01-24 15:35:48,130  INFO: 启动CTA策略运行子进程
2019-01-24 15:35:48,130  INFO: 连接CTP接口
2019-01-24 15:35:48,144  INFO: MAIN_ENGINE	MongoDB连接成功
2019-01-24 15:35:48,301  INFO: CTP	交易服务器连接成功
2019-01-24 15:35:48,302  INFO: CTP	行情服务器连接成功
2019-01-24 15:35:48,302  INFO: CTP	交易服务器登录完成
2019-01-24 15:35:48,303  INFO: CTP	行情服务器登录完成
2019-01-24 15:35:48,339  INFO: CTP	结算信息确认完成
2019-01-24 15:35:48,530  INFO: CTP	交易合约信息获取完成
2019-01-24 15:35:52,467  INFO: 事件引擎创建成功
2019-01-24 15:35:52,489  INFO: 主引擎创建成功
2019-01-24 15:35:52,490  INFO: 注册日志事件监听
2019-01-24 15:35:52,490  INFO: 启动CTA策略运行子进程
2019-01-24 15:35:52,492  INFO: 连接CTP接口
2019-01-24 15:35:52,509  INFO: MAIN_ENGINE	MongoDB连接成功
2019-01-24 15:35:52,546  INFO: CTP	交易服务器连接成功
2019-01-24 15:35:52,546  INFO: CTP	行情服务器连接成功
2019-01-24 15:35:52,584  INFO: CTP	交易服务器登录完成
2019-01-24 15:35:52,585  INFO: CTP	行情服务器登录完成
2019-01-24 15:35:52,703  INFO: CTP	结算信息确认完成
2019-01-24 15:35:52,888  INFO: CTP	交易合约信息获取完成
2019-01-24 16:19:38,986  INFO: 事件引擎创建成功
2019-01-24 16:19:38,996  INFO: 主引擎创建成功
2019-01-24 16:19:38,997  INFO: 注册日志事件监听
2019-01-24 16:19:38,999  INFO: 启动CTA策略运行子进程
2019-01-24 16:19:38,999  INFO: 连接CTP接口
2019-01-24 16:19:39,032  INFO: MAIN_ENGINE	MongoDB连接成功
2019-01-24 16:19:39,052  INFO: CTP	交易服务器连接成功
2019-01-24 16:19:39,053  INFO: CTP	行情服务器连接成功
2019-01-24 16:19:39,092  INFO: CTP	交易服务器登录完成
2019-01-24 16:19:39,092  INFO: CTP	行情服务器登录完成
2019-01-24 16:19:39,213  INFO: CTP	结算信息确认完成
2019-01-24 16:19:39,388  INFO: CTP	交易合约信息获取完成
2019-01-24 16:19:43,286  INFO: 事件引擎创建成功
2019-01-24 16:19:43,295  INFO: 主引擎创建成功
2019-01-24 16:19:43,296  INFO: 注册日志事件监听
2019-01-24 16:19:43,296  INFO: 启动CTA策略运行子进程
2019-01-24 16:19:43,296  INFO: 连接CTP接口
2019-01-24 16:19:43,311  INFO: MAIN_ENGINE	MongoDB连接成功
2019-01-24 16:19:43,380  INFO: CTP	行情服务器连接成功
2019-01-24 16:19:43,381  INFO: CTP	交易服务器连接成功
2019-01-24 16:19:43,388  INFO: CTP	行情服务器登录完成
2019-01-24 16:19:43,391  INFO: CTP	交易服务器登录完成
2019-01-24 16:19:43,512  INFO: CTP	结算信息确认完成
2019-01-24 16:19:43,694  INFO: CTP	交易合约信息获取完成
2019-01-24 16:25:34,545  INFO: 事件引擎创建成功
2019-01-24 16:25:34,553  INFO: 主引擎创建成功
2019-01-24 16:25:34,555  INFO: 注册日志事件监听
2019-01-24 16:25:34,555  INFO: 启动CTA策略运行子进程
2019-01-24 16:25:34,555  INFO: 连接CTP接口
2019-01-24 16:25:34,584  INFO: MAIN_ENGINE	MongoDB连接成功
2019-01-24 16:25:34,604  INFO: CTP	交易服务器连接成功
2019-01-24 16:25:34,605  INFO: CTP	行情服务器连接成功
2019-01-24 16:25:34,642  INFO: CTP	交易服务器登录完成
2019-01-24 16:25:34,644  INFO: CTP	行情服务器登录完成
2019-01-24 16:25:34,763  INFO: CTP	结算信息确认完成
2019-01-24 16:25:34,950  INFO: CTP	交易合约信息获取完成
2019-01-24 16:25:38,852  INFO: 事件引擎创建成功
2019-01-24 16:25:38,862  INFO: 主引擎创建成功
2019-01-24 16:25:38,862  INFO: 注册日志事件监听
2019-01-24 16:25:38,864  INFO: 启动CTA策略运行子进程
2019-01-24 16:25:38,864  INFO: 连接CTP接口
2019-01-24 16:25:38,877  INFO: MAIN_ENGINE	MongoDB连接成功
2019-01-24 16:25:38,914  INFO: CTP	交易服务器连接成功
2019-01-24 16:25:38,915  INFO: CTP	行情服务器连接成功
2019-01-24 16:25:38,953  INFO: CTP	交易服务器登录完成
2019-01-24 16:25:38,953  INFO: CTP	行情服务器登录完成
2019-01-24 16:25:39,073  INFO: CTP	结算信息确认完成
2019-01-24 16:25:39,263  INFO: CTP	交易合约信息获取完成
2019-01-24 17:01:44,805  INFO: CTP	行情服务器连接断开
2019-01-24 17:01:44,809  INFO: CTP	行情服务器连接断开
2019-01-24 17:01:44,823  INFO: CTP	行情服务器连接断开
2019-01-24 17:01:44,825  INFO: CTP	行情服务器连接断开
2019-01-24 17:01:44,848  INFO: CTP	行情服务器连接断开
2019-01-24 17:01:44,848  INFO: CTP	行情服务器连接断开
2019-01-24 17:01:44,848  INFO: CTP	行情服务器连接成功
2019-01-24 17:01:44,848  INFO: CTP	行情服务器连接成功
2019-01-24 17:01:44,848  INFO: CTP	行情服务器连接成功
2019-01-24 17:01:44,851  INFO: CTP	行情服务器连接成功
2019-01-24 17:01:44,854  INFO: CTP	行情服务器连接成功
2019-01-24 17:01:44,878  INFO: CTP	行情服务器连接成功
2019-01-24 17:01:45,026  INFO: CTP	交易服务器连接断开
2019-01-24 17:01:45,026  INFO: CTP	交易服务器连接断开
2019-01-24 17:01:45,026  INFO: CTP	交易服务器连接断开
2019-01-24 17:01:45,026  INFO: CTP	交易服务器连接断开
2019-01-24 17:01:45,028  INFO: CTP	交易服务器连接断开
2019-01-24 17:01:45,049  INFO: CTP	交易服务器连接断开
2019-01-24 17:01:48,053  INFO: CTP	行情服务器连接断开
2019-01-24 17:01:48,065  INFO: CTP	行情服务器连接断开
2019-01-24 17:01:48,069  INFO: CTP	行情服务器连接断开
2019-01-24 17:01:48,081  INFO: CTP	行情服务器连接断开
2019-01-24 17:01:48,085  INFO: CTP	行情服务器连接断开
2019-01-24 17:01:48,101  INFO: CTP	行情服务器连接断开
2019-01-24 17:06:45,164  INFO: CTP	交易服务器连接成功
2019-01-24 17:06:45,194  INFO: CTP	交易服务器连接成功
2019-01-24 17:06:45,214  INFO: CTP	交易服务器连接成功
2019-01-24 17:06:45,217  INFO: CTP	交易服务器连接成功
2019-01-24 17:06:45,223  INFO: CTP	交易服务器连接成功
2019-01-24 17:06:45,224  INFO: CTP	交易服务器连接成功
2019-01-24 17:06:49,015  INFO: CTP	交易服务器连接断开
2019-01-24 17:06:49,017  INFO: CTP	交易服务器连接断开
2019-01-24 17:06:49,023  INFO: CTP	交易服务器连接断开
2019-01-24 17:06:49,026  INFO: CTP	交易服务器连接断开
2019-01-24 17:06:49,046  INFO: CTP	交易服务器连接断开
2019-01-24 17:06:49,065  INFO: CTP	交易服务器连接断开
2019-01-24 17:11:49,164  INFO: CTP	交易服务器连接成功
2019-01-24 17:11:49,167  INFO: CTP	交易服务器连接成功
2019-01-24 17:11:49,178  INFO: CTP	交易服务器连接成功
2019-01-24 17:11:49,196  INFO: CTP	交易服务器连接成功
2019-01-24 17:11:49,206  INFO: CTP	交易服务器连接成功
2019-01-24 17:11:49,214  INFO: CTP	交易服务器连接成功
2019-01-24 17:11:53,005  INFO: CTP	交易服务器连接断开
2019-01-24 17:11:53,013  INFO: CTP	交易服务器连接断开
2019-01-24 17:11:53,016  INFO: CTP	交易服务器连接断开
2019-01-24 17:11:53,029  INFO: CTP	交易服务器连接断开
2019-01-24 17:11:53,033  INFO: CTP	交易服务器连接断开
2019-01-24 17:11:53,046  INFO: CTP	交易服务器连接断开
2019-01-24 17:21:46,280  INFO: CTP	交易服务器连接成功
2019-01-24 17:21:50,032  INFO: CTP	交易服务器连接断开
2019-01-24 17:26:48,641  INFO: CTP	行情服务器连接成功
2019-01-24 17:26:48,654  INFO: CTP	行情服务器连接成功
2019-01-24 17:26:48,663  INFO: CTP	行情服务器连接成功
2019-01-24 17:26:48,668  INFO: CTP	行情服务器连接成功
2019-01-24 17:26:48,668  INFO: CTP	行情服务器连接成功
2019-01-24 17:26:48,690  INFO: CTP	行情服务器连接成功
2019-01-24 17:26:51,977  INFO: CTP	行情服务器连接断开
2019-01-24 17:26:51,979  INFO: CTP	行情服务器连接断开
2019-01-24 17:26:51,979  INFO: CTP	行情服务器连接断开
2019-01-24 17:26:51,980  INFO: CTP	行情服务器连接断开
2019-01-24 17:26:52,010  INFO: CTP	行情服务器连接断开
2019-01-24 17:26:52,012  INFO: CTP	行情服务器连接断开
2019-01-24 17:36:50,410  INFO: CTP	交易服务器连接成功
2019-01-24 17:36:53,974  INFO: CTP	交易服务器连接断开
2019-01-24 17:46:52,447  INFO: CTP	行情服务器连接成功
2019-01-24 17:46:52,450  INFO: CTP	行情服务器连接成功
2019-01-24 17:46:52,460  INFO: CTP	行情服务器连接成功
2019-01-24 17:46:52,469  INFO: CTP	行情服务器连接成功
2019-01-24 17:46:52,483  INFO: CTP	行情服务器连接成功
2019-01-24 17:46:55,927  INFO: CTP	行情服务器连接断开
2019-01-24 17:46:55,947  INFO: CTP	行情服务器连接断开
2019-01-24 17:46:55,947  INFO: CTP	行情服务器连接断开
2019-01-24 17:46:55,969  INFO: CTP	行情服务器连接断开
2019-01-24 17:46:55,970  INFO: CTP	行情服务器连接断开
2019-01-24 17:51:52,579  INFO: CTP	行情服务器连接成功
2019-01-24 17:51:55,907  INFO: CTP	行情服务器连接断开
2019-01-24 17:57:23,974  INFO: CTP	交易服务器连接成功
2019-01-24 17:57:23,983  INFO: CTP	交易服务器连接成功
2019-01-24 17:57:24,003  INFO: CTP	交易服务器连接成功
2019-01-24 17:57:24,009  INFO: CTP	交易服务器连接成功
2019-01-24 17:57:27,907  INFO: CTP	交易服务器连接断开
2019-01-24 17:57:27,914  INFO: CTP	交易服务器连接断开
2019-01-24 17:57:27,934  INFO: CTP	交易服务器连接断开
2019-01-24 17:57:27,937  INFO: CTP	交易服务器连接断开
2019-01-24 18:02:24,155  INFO: CTP	交易服务器连接成功
2019-01-24 18:02:27,894  INFO: CTP	交易服务器连接断开
2019-01-24 18:11:54,770  INFO: CTP	交易服务器连接成功
2019-01-24 18:11:57,880  INFO: CTP	交易服务器连接断开
2019-01-24 18:16:58,032  INFO: CTP	交易服务器连接成功
2019-01-24 18:17:01,888  INFO: CTP	交易服务器连接断开
2019-01-24 18:26:06,691  INFO: CTP	行情服务器连接成功
2019-01-24 18:26:06,696  INFO: CTP	行情服务器登录完成
2019-01-24 18:26:06,732  INFO: CTP	行情服务器连接成功
2019-01-24 18:26:06,780  INFO: CTP	行情服务器登录完成
2019-01-24 18:26:06,782  INFO: CTP	行情服务器连接成功
2019-01-24 18:26:06,789  INFO: CTP	行情服务器连接成功
2019-01-24 18:26:06,792  INFO: CTP	行情服务器登录完成
2019-01-24 18:26:06,796  INFO: CTP	行情服务器连接成功
2019-01-24 18:26:06,808  INFO: CTP	行情服务器登录完成
2019-01-24 18:26:06,815  INFO: CTP	行情服务器登录完成
2019-01-24 18:26:06,815  INFO: CTP	行情服务器连接成功
2019-01-24 18:26:06,818  INFO: CTP	行情服务器登录完成
2019-01-24 18:26:08,447  INFO: CTP	交易服务器连接成功
2019-01-24 18:26:08,515  INFO: CTP	交易服务器连接成功
2019-01-24 18:26:08,529  INFO: CTP	交易服务器连接成功
2019-01-24 18:26:08,538  INFO: CTP	交易服务器连接成功
2019-01-24 18:26:08,548  INFO: CTP	交易服务器连接成功
2019-01-24 18:26:12,118  INFO: CTP	交易服务器连接成功
