2019-02-19 13:52:03,994  INFO: 事件引擎创建成功
2019-02-19 13:52:04,299  INFO: 主引擎创建成功
2019-02-19 13:52:04,305  INFO: 注册日志事件监听
2019-02-19 13:52:04,308  INFO: 启动CTA策略运行子进程
2019-02-19 13:52:04,309  INFO: 连接CTP接口
2019-02-19 13:52:04,414  INFO: MAIN_ENGINE	MongoDB连接成功
2019-02-19 13:52:04,569  INFO: CTP	行情服务器连接成功
2019-02-19 13:52:04,572  INFO: CTP	交易服务器连接成功
2019-02-19 13:52:04,575  INFO: CTP	行情服务器登录完成
2019-02-19 13:52:04,578  INFO: CTP	交易服务器登录完成
2019-02-19 13:52:04,579  INFO: CTP	结算信息确认完成
2019-02-19 13:52:04,773  INFO: CTP	交易合约信息获取完成
2019-02-19 14:35:19,105  INFO: 事件引擎创建成功
2019-02-19 14:35:19,114  INFO: 主引擎创建成功
2019-02-19 14:35:19,115  INFO: 注册日志事件监听
2019-02-19 14:35:19,115  INFO: 启动CTA策略运行子进程
2019-02-19 14:35:19,115  INFO: 连接CTP接口
2019-02-19 14:35:19,131  INFO: MAIN_ENGINE	MongoDB连接成功
2019-02-19 14:35:19,167  INFO: CTP	交易服务器连接成功
2019-02-19 14:35:19,167  INFO: CTP	行情服务器连接成功
2019-02-19 14:35:19,204  INFO: CTP	交易服务器登录完成
2019-02-19 14:35:19,207  INFO: CTP	行情服务器登录完成
2019-02-19 14:35:19,312  INFO: CTP	结算信息确认完成
2019-02-19 14:35:20,131  INFO: CTP	交易合约信息获取完成
2019-02-19 16:30:20,980  INFO: CTP	行情服务器连接断开
2019-02-19 16:30:20,997  INFO: CTP	行情服务器连接断开
2019-02-19 16:30:21,002  INFO: CTP	行情服务器连接成功
2019-02-19 16:30:21,007  INFO: CTP	行情服务器连接成功
2019-02-19 16:30:21,282  INFO: CTP	交易服务器连接断开
2019-02-19 16:30:24,571  INFO: CTP	行情服务器连接断开
2019-02-19 16:30:24,588  INFO: CTP	行情服务器连接断开
2019-02-19 16:30:35,069  INFO: CTP	交易服务器连接断开
2019-02-19 16:35:21,433  INFO: CTP	交易服务器连接成功
2019-02-19 16:35:24,535  INFO: CTP	交易服务器连接断开
2019-02-19 16:40:24,772  INFO: CTP	行情服务器连接成功
2019-02-19 16:40:24,841  INFO: CTP	行情服务器连接成功
2019-02-19 16:40:28,523  INFO: CTP	行情服务器连接断开
2019-02-19 16:40:28,542  INFO: CTP	行情服务器连接断开
2019-02-19 16:45:25,401  INFO: CTP	交易服务器连接成功
2019-02-19 16:45:28,503  INFO: CTP	交易服务器连接断开
2019-02-19 16:50:28,753  INFO: CTP	行情服务器连接成功
2019-02-19 16:50:28,782  INFO: CTP	行情服务器连接成功
2019-02-19 16:50:32,494  INFO: CTP	行情服务器连接断开
2019-02-19 16:50:32,503  INFO: CTP	行情服务器连接断开
2019-02-19 17:00:28,905  INFO: CTP	交易服务器连接成功
2019-02-19 17:00:32,500  INFO: CTP	交易服务器连接断开
2019-02-19 17:10:25,296  INFO: CTP	交易服务器连接成功
2019-02-19 17:10:28,438  INFO: CTP	交易服务器连接断开
2019-02-19 17:25:33,030  INFO: CTP	交易服务器连接成功
2019-02-19 17:25:36,426  INFO: CTP	交易服务器连接断开
2019-02-19 17:30:34,460  INFO: CTP	行情服务器连接成功
2019-02-19 17:30:38,411  INFO: CTP	行情服务器连接断开
2019-02-19 17:45:26,868  INFO: CTP	交易服务器连接成功
2019-02-19 17:45:30,365  INFO: CTP	交易服务器连接断开
2019-02-19 18:00:30,709  INFO: CTP	交易服务器连接成功
2019-02-19 18:00:34,322  INFO: CTP	交易服务器连接断开
2019-02-19 18:05:34,118  INFO: CTP	行情服务器连接成功
2019-02-19 18:05:37,328  INFO: CTP	行情服务器连接断开
2019-02-19 18:08:54,556  INFO: CTP	交易服务器连接成功
2019-02-19 18:08:59,221  INFO: CTP	行情服务器连接成功
2019-02-19 18:08:59,226  INFO: CTP	行情服务器登录完成
2019-02-19 18:08:59,700  INFO: CTP	交易服务器连接成功
