2019-01-07 09:52:18,846  INFO: 事件引擎创建成功
2019-01-07 09:52:19,483  INFO: 主引擎创建成功
2019-01-07 09:52:19,483  INFO: 注册日志事件监听
2019-01-07 09:52:19,493  INFO: 启动CTA策略运行子进程
2019-01-07 09:52:19,493  INFO: 连接CTP接口
2019-01-07 09:52:19,532  INFO: CTP	行情服务器连接成功
2019-01-07 09:52:19,551  INFO: CTP	交易服务器连接成功
2019-01-07 09:52:19,721  INFO: MAIN_ENGINE	MongoDB连接成功
2019-01-07 09:52:22,582  INFO: CTP	行情服务器登录完成
2019-01-07 09:52:24,918  INFO: 事件引擎创建成功
2019-01-07 09:52:24,937  INFO: 主引擎创建成功
2019-01-07 09:52:24,938  INFO: 注册日志事件监听
2019-01-07 09:52:24,940  INFO: 启动CTA策略运行子进程
2019-01-07 09:52:24,940  INFO: 连接CTP接口
2019-01-07 09:52:24,963  INFO: MAIN_ENGINE	MongoDB连接成功
2019-01-07 09:52:24,983  INFO: CTP	交易服务器连接成功
2019-01-07 09:52:24,990  INFO: CTP	行情服务器连接成功
2019-01-07 09:52:25,025  INFO: CTP	交易服务器登录完成
2019-01-07 09:52:25,026  INFO: CTP	行情服务器登录完成
2019-01-07 09:52:25,147  INFO: CTP	结算信息确认完成
2019-01-07 09:52:25,539  INFO: CTP	交易合约信息获取完成
2019-01-07 09:52:28,618  INFO: CTP	交易服务器登录完成
2019-01-07 09:52:28,793  INFO: CTP	结算信息确认完成
2019-01-07 09:52:29,528  INFO: CTP	交易合约信息获取完成
2019-01-07 09:53:55,191  INFO: 事件引擎创建成功
2019-01-07 09:53:55,441  INFO: 主引擎创建成功
2019-01-07 09:53:55,443  INFO: 注册日志事件监听
2019-01-07 09:53:55,443  INFO: 启动CTA策略运行子进程
2019-01-07 09:53:55,444  INFO: 连接CTP接口
2019-01-07 09:53:55,482  INFO: MAIN_ENGINE	MongoDB连接成功
2019-01-07 09:53:55,487  INFO: CTP	交易服务器连接成功
2019-01-07 09:53:55,490  INFO: CTP	行情服务器连接成功
2019-01-07 09:53:55,526  INFO: CTP	行情服务器登录完成
2019-01-07 09:53:55,528  INFO: CTP	交易服务器登录完成
2019-01-07 09:53:55,903  INFO: CTP	结算信息确认完成
2019-01-07 09:53:56,489  INFO: CTP	交易合约信息获取完成
2019-01-07 09:54:00,625  INFO: 事件引擎创建成功
2019-01-07 09:54:00,642  INFO: 主引擎创建成功
2019-01-07 09:54:00,644  INFO: 注册日志事件监听
2019-01-07 09:54:00,647  INFO: 启动CTA策略运行子进程
2019-01-07 09:54:00,648  INFO: 连接CTP接口
2019-01-07 09:54:00,668  INFO: MAIN_ENGINE	MongoDB连接成功
2019-01-07 09:54:00,690  INFO: CTP	行情服务器连接成功
2019-01-07 09:54:00,691  INFO: CTP	交易服务器连接成功
2019-01-07 09:54:00,727  INFO: CTP	交易服务器登录完成
2019-01-07 09:54:00,730  INFO: CTP	行情服务器登录完成
2019-01-07 09:54:00,799  INFO: CTP	结算信息确认完成
2019-01-07 09:54:00,990  INFO: CTP	交易合约信息获取完成
2019-01-07 10:12:16,334  INFO: 事件引擎创建成功
2019-01-07 10:12:16,622  INFO: 主引擎创建成功
2019-01-07 10:12:16,624  INFO: 注册日志事件监听
2019-01-07 10:12:16,624  INFO: 启动CTA策略运行子进程
2019-01-07 10:12:16,624  INFO: 连接CTP接口
2019-01-07 10:12:16,664  INFO: MAIN_ENGINE	MongoDB连接成功
2019-01-07 10:12:16,665  INFO: CTP	交易服务器连接成功
2019-01-07 10:12:16,667  INFO: CTP	行情服务器连接成功
2019-01-07 10:12:16,703  INFO: CTP	交易服务器登录完成
2019-01-07 10:12:16,703  INFO: CTP	行情服务器登录完成
2019-01-07 10:12:16,822  INFO: CTP	结算信息确认完成
2019-01-07 10:12:16,992  INFO: CTP	交易合约信息获取完成
2019-01-07 10:12:21,842  INFO: 事件引擎创建成功
2019-01-07 10:12:21,851  INFO: 主引擎创建成功
2019-01-07 10:12:21,851  INFO: 注册日志事件监听
2019-01-07 10:12:21,852  INFO: 启动CTA策略运行子进程
2019-01-07 10:12:21,852  INFO: 连接CTP接口
2019-01-07 10:12:21,868  INFO: MAIN_ENGINE	MongoDB连接成功
2019-01-07 10:12:21,904  INFO: CTP	行情服务器连接成功
2019-01-07 10:12:21,905  INFO: CTP	交易服务器连接成功
2019-01-07 10:12:21,943  INFO: CTP	行情服务器登录完成
2019-01-07 10:12:21,948  INFO: CTP	交易服务器登录完成
2019-01-07 10:12:22,068  INFO: CTP	结算信息确认完成
2019-01-07 10:12:23,022  INFO: CTP	交易合约信息获取完成
2019-01-07 10:20:00,635  INFO: 事件引擎创建成功
2019-01-07 10:20:00,861  INFO: 主引擎创建成功
2019-01-07 10:20:00,861  INFO: 注册日志事件监听
2019-01-07 10:20:00,861  INFO: 启动CTA策略运行子进程
2019-01-07 10:20:00,862  INFO: 连接CTP接口
2019-01-07 10:20:00,881  INFO: MAIN_ENGINE	MongoDB连接成功
2019-01-07 10:20:00,917  INFO: CTP	行情服务器连接成功
2019-01-07 10:20:00,917  INFO: CTP	交易服务器连接成功
2019-01-07 10:20:00,954  INFO: CTP	行情服务器登录完成
2019-01-07 10:20:00,957  INFO: CTP	交易服务器登录完成
2019-01-07 10:20:01,079  INFO: CTP	结算信息确认完成
2019-01-07 10:20:01,499  INFO: CTP	交易合约信息获取完成
2019-01-07 10:20:06,049  INFO: 事件引擎创建成功
2019-01-07 10:20:06,056  INFO: 主引擎创建成功
2019-01-07 10:20:06,058  INFO: 注册日志事件监听
2019-01-07 10:20:06,058  INFO: 启动CTA策略运行子进程
2019-01-07 10:20:06,059  INFO: 连接CTP接口
2019-01-07 10:20:06,079  INFO: MAIN_ENGINE	MongoDB连接成功
2019-01-07 10:20:06,115  INFO: CTP	行情服务器连接成功
2019-01-07 10:20:06,118  INFO: CTP	交易服务器连接成功
2019-01-07 10:20:06,154  INFO: CTP	行情服务器登录完成
2019-01-07 10:20:06,157  INFO: CTP	交易服务器登录完成
2019-01-07 10:20:06,226  INFO: CTP	结算信息确认完成
2019-01-07 10:20:06,408  INFO: CTP	交易合约信息获取完成
2019-01-07 10:26:50,562  INFO: 事件引擎创建成功
2019-01-07 10:26:50,571  INFO: 主引擎创建成功
2019-01-07 10:26:50,572  INFO: 注册日志事件监听
2019-01-07 10:26:50,572  INFO: 启动CTA策略运行子进程
2019-01-07 10:26:50,572  INFO: 连接CTP接口
2019-01-07 10:26:50,874  INFO: CTP	行情服务器连接成功
2019-01-07 10:26:50,875  INFO: MAIN_ENGINE	MongoDB连接成功
2019-01-07 10:26:50,911  INFO: CTP	行情服务器登录完成
2019-01-07 10:26:50,913  INFO: CTP	交易服务器连接成功
2019-01-07 10:26:50,950  INFO: CTP	交易服务器登录完成
2019-01-07 10:26:51,069  INFO: CTP	结算信息确认完成
2019-01-07 10:26:51,486  INFO: CTP	交易合约信息获取完成
2019-01-07 10:26:55,000  INFO: 事件引擎创建成功
2019-01-07 10:26:55,009  INFO: 主引擎创建成功
2019-01-07 10:26:55,009  INFO: 注册日志事件监听
2019-01-07 10:26:55,009  INFO: 启动CTA策略运行子进程
2019-01-07 10:26:55,010  INFO: 连接CTP接口
2019-01-07 10:26:55,025  INFO: MAIN_ENGINE	MongoDB连接成功
2019-01-07 10:26:55,062  INFO: CTP	交易服务器连接成功
2019-01-07 10:26:55,062  INFO: CTP	行情服务器连接成功
2019-01-07 10:26:55,098  INFO: CTP	交易服务器登录完成
2019-01-07 10:26:55,099  INFO: CTP	行情服务器登录完成
2019-01-07 10:26:55,220  INFO: CTP	结算信息确认完成
2019-01-07 10:26:55,848  INFO: CTP	交易合约信息获取完成
2019-01-07 10:36:36,371  INFO: 事件引擎创建成功
2019-01-07 10:36:36,378  INFO: 主引擎创建成功
2019-01-07 10:36:36,380  INFO: 注册日志事件监听
2019-01-07 10:36:36,381  INFO: 启动CTA策略运行子进程
2019-01-07 10:36:36,381  INFO: 连接CTP接口
2019-01-07 10:36:36,397  INFO: MAIN_ENGINE	MongoDB连接成功
2019-01-07 10:36:36,431  INFO: CTP	交易服务器连接成功
2019-01-07 10:36:36,434  INFO: CTP	行情服务器连接成功
2019-01-07 10:36:36,470  INFO: CTP	行情服务器登录完成
2019-01-07 10:36:36,471  INFO: CTP	交易服务器登录完成
2019-01-07 10:36:36,642  INFO: CTP	结算信息确认完成
2019-01-07 10:36:36,809  INFO: CTP	交易合约信息获取完成
2019-01-07 10:36:40,506  INFO: 事件引擎创建成功
2019-01-07 10:36:40,516  INFO: 主引擎创建成功
2019-01-07 10:36:40,516  INFO: 注册日志事件监听
2019-01-07 10:36:40,517  INFO: 启动CTA策略运行子进程
2019-01-07 10:36:40,517  INFO: 连接CTP接口
2019-01-07 10:36:40,545  INFO: MAIN_ENGINE	MongoDB连接成功
2019-01-07 10:36:40,581  INFO: CTP	行情服务器连接成功
2019-01-07 10:36:40,582  INFO: CTP	交易服务器连接成功
2019-01-07 10:36:40,601  INFO: CTP	行情服务器登录完成
2019-01-07 10:36:43,635  INFO: CTP	交易服务器登录完成
2019-01-07 10:36:43,857  INFO: CTP	结算信息确认完成
2019-01-07 10:44:27,834  INFO: 事件引擎创建成功
2019-01-07 10:44:27,852  INFO: 主引擎创建成功
2019-01-07 10:44:27,855  INFO: 注册日志事件监听
2019-01-07 10:44:27,855  INFO: 启动CTA策略运行子进程
2019-01-07 10:44:27,855  INFO: 连接CTP接口
2019-01-07 10:44:27,878  INFO: MAIN_ENGINE	MongoDB连接成功
2019-01-07 10:44:27,914  INFO: CTP	交易服务器连接成功
2019-01-07 10:44:27,915  INFO: CTP	行情服务器连接成功
2019-01-07 10:44:27,953  INFO: CTP	行情服务器登录完成
2019-01-07 10:44:27,960  INFO: CTP	交易服务器登录完成
2019-01-07 10:44:28,081  INFO: CTP	结算信息确认完成
2019-01-07 10:44:28,533  INFO: CTP	交易合约信息获取完成
2019-01-07 10:44:32,055  INFO: 事件引擎创建成功
2019-01-07 10:44:32,062  INFO: 主引擎创建成功
2019-01-07 10:44:32,063  INFO: 注册日志事件监听
2019-01-07 10:44:32,065  INFO: 启动CTA策略运行子进程
2019-01-07 10:44:32,065  INFO: 连接CTP接口
2019-01-07 10:44:32,082  INFO: MAIN_ENGINE	MongoDB连接成功
2019-01-07 10:44:35,161  INFO: CTP	行情服务器连接成功
2019-01-07 10:44:35,164  INFO: CTP	交易服务器连接成功
2019-01-07 10:44:35,164  INFO: CTP	行情服务器登录完成
2019-01-07 10:44:35,164  INFO: CTP	交易服务器登录完成
2019-01-07 10:44:35,335  INFO: CTP	结算信息确认完成
2019-01-07 10:44:35,785  INFO: CTP	交易合约信息获取完成
2019-01-07 10:50:25,693  INFO: 事件引擎创建成功
2019-01-07 10:50:25,701  INFO: 主引擎创建成功
2019-01-07 10:50:25,703  INFO: 注册日志事件监听
2019-01-07 10:50:25,703  INFO: 启动CTA策略运行子进程
2019-01-07 10:50:25,704  INFO: 连接CTP接口
2019-01-07 10:50:25,733  INFO: MAIN_ENGINE	MongoDB连接成功
2019-01-07 10:50:25,752  INFO: CTP	行情服务器连接成功
2019-01-07 10:50:25,765  INFO: CTP	交易服务器连接成功
2019-01-07 10:50:25,801  INFO: CTP	行情服务器登录完成
2019-01-07 10:50:29,888  INFO: 事件引擎创建成功
2019-01-07 10:50:29,895  INFO: 主引擎创建成功
2019-01-07 10:50:29,897  INFO: 注册日志事件监听
2019-01-07 10:50:29,897  INFO: 启动CTA策略运行子进程
2019-01-07 10:50:29,898  INFO: 连接CTP接口
2019-01-07 10:50:29,911  INFO: MAIN_ENGINE	MongoDB连接成功
2019-01-07 10:50:29,946  INFO: CTP	行情服务器连接成功
2019-01-07 10:50:29,951  INFO: CTP	交易服务器连接成功
2019-01-07 10:50:29,973  INFO: CTP	行情服务器登录完成
2019-01-07 14:31:25,369  INFO: 事件引擎创建成功
2019-01-07 14:31:25,625  INFO: 主引擎创建成功
2019-01-07 14:31:25,625  INFO: 注册日志事件监听
2019-01-07 14:31:25,625  INFO: 启动CTA策略运行子进程
2019-01-07 14:31:25,627  INFO: 连接CTP接口
2019-01-07 14:31:25,667  INFO: MAIN_ENGINE	MongoDB连接成功
2019-01-07 14:31:25,670  INFO: CTP	行情服务器连接成功
2019-01-07 14:31:25,671  INFO: CTP	交易服务器连接成功
2019-01-07 14:31:25,707  INFO: CTP	行情服务器登录完成
2019-01-07 14:31:25,710  INFO: CTP	交易服务器登录完成
2019-01-07 14:31:25,884  INFO: CTP	结算信息确认完成
2019-01-07 14:31:26,046  INFO: CTP	交易合约信息获取完成
2019-01-07 14:31:30,822  INFO: 事件引擎创建成功
2019-01-07 14:31:30,836  INFO: 主引擎创建成功
2019-01-07 14:31:30,838  INFO: 注册日志事件监听
2019-01-07 14:31:30,838  INFO: 启动CTA策略运行子进程
2019-01-07 14:31:30,838  INFO: 连接CTP接口
2019-01-07 14:31:31,249  INFO: CTP	行情服务器连接成功
2019-01-07 14:31:31,249  INFO: MAIN_ENGINE	MongoDB连接成功
2019-01-07 14:31:31,267  INFO: CTP	行情服务器登录完成
2019-01-07 14:31:31,279  INFO: CTP	交易服务器连接成功
2019-01-07 14:31:31,313  INFO: CTP	交易服务器登录完成
2019-01-07 14:31:31,434  INFO: CTP	结算信息确认完成
2019-01-07 14:31:31,595  INFO: CTP	交易合约信息获取完成
2019-01-07 16:17:41,204  INFO: 事件引擎创建成功
2019-01-07 16:17:41,234  INFO: 主引擎创建成功
2019-01-07 16:17:41,236  INFO: 注册日志事件监听
2019-01-07 16:17:41,236  INFO: 启动CTA策略运行子进程
2019-01-07 16:17:41,236  INFO: 连接CTP接口
2019-01-07 16:17:41,250  INFO: MAIN_ENGINE	MongoDB连接成功
2019-01-07 16:17:41,319  INFO: CTP	行情服务器连接成功
2019-01-07 16:17:41,321  INFO: CTP	交易服务器连接成功
2019-01-07 16:17:41,322  INFO: CTP	行情服务器登录完成
2019-01-07 16:17:46,459  INFO: 事件引擎创建成功
2019-01-07 16:17:46,467  INFO: 主引擎创建成功
2019-01-07 16:17:46,467  INFO: 注册日志事件监听
2019-01-07 16:17:46,469  INFO: 启动CTA策略运行子进程
2019-01-07 16:17:46,469  INFO: 连接CTP接口
2019-01-07 16:17:46,480  INFO: MAIN_ENGINE	MongoDB连接成功
2019-01-07 16:17:46,549  INFO: CTP	行情服务器连接成功
2019-01-07 16:17:46,551  INFO: CTP	交易服务器连接成功
2019-01-07 16:17:46,552  INFO: CTP	行情服务器登录完成
2019-01-07 16:55:19,759  INFO: 事件引擎创建成功
2019-01-07 16:55:19,782  INFO: 主引擎创建成功
2019-01-07 16:55:19,783  INFO: 注册日志事件监听
2019-01-07 16:55:19,785  INFO: 启动CTA策略运行子进程
2019-01-07 16:55:19,785  INFO: 连接CTP接口
2019-01-07 16:55:19,803  INFO: MAIN_ENGINE	MongoDB连接成功
2019-01-07 16:55:19,839  INFO: CTP	行情服务器连接成功
2019-01-07 16:55:19,841  INFO: CTP	交易服务器连接成功
2019-01-07 16:55:19,877  INFO: CTP	行情服务器登录完成
2019-01-07 16:55:24,987  INFO: 事件引擎创建成功
2019-01-07 16:55:24,996  INFO: 主引擎创建成功
2019-01-07 16:55:24,996  INFO: 注册日志事件监听
2019-01-07 16:55:24,997  INFO: 启动CTA策略运行子进程
2019-01-07 16:55:24,997  INFO: 连接CTP接口
2019-01-07 16:55:25,030  INFO: MAIN_ENGINE	MongoDB连接成功
2019-01-07 16:55:25,049  INFO: CTP	行情服务器连接成功
2019-01-07 16:55:25,052  INFO: CTP	交易服务器连接成功
2019-01-07 16:55:25,088  INFO: CTP	行情服务器登录完成
2019-01-07 16:56:42,009  INFO: 事件引擎创建成功
2019-01-07 16:56:42,019  INFO: 主引擎创建成功
2019-01-07 16:56:42,020  INFO: 注册日志事件监听
2019-01-07 16:56:42,022  INFO: 启动CTA策略运行子进程
2019-01-07 16:56:42,022  INFO: 连接CTP接口
2019-01-07 16:56:42,059  INFO: MAIN_ENGINE	MongoDB连接成功
2019-01-07 16:56:42,079  INFO: CTP	行情服务器连接成功
2019-01-07 16:56:42,082  INFO: CTP	交易服务器连接成功
2019-01-07 16:56:42,118  INFO: CTP	行情服务器登录完成
2019-01-07 16:56:47,214  INFO: 事件引擎创建成功
2019-01-07 16:56:47,232  INFO: 主引擎创建成功
2019-01-07 16:56:47,233  INFO: 注册日志事件监听
2019-01-07 16:56:47,233  INFO: 启动CTA策略运行子进程
2019-01-07 16:56:47,234  INFO: 连接CTP接口
2019-01-07 16:56:47,256  INFO: MAIN_ENGINE	MongoDB连接成功
2019-01-07 16:56:47,292  INFO: CTP	交易服务器连接成功
2019-01-07 16:56:47,293  INFO: CTP	行情服务器连接成功
2019-01-07 17:31:33,210  INFO: CTP	行情服务器连接断开
2019-01-07 17:31:33,255  INFO: CTP	行情服务器连接断开
2019-01-07 17:31:33,255  INFO: CTP	行情服务器连接成功
2019-01-07 17:31:33,257  INFO: CTP	行情服务器连接成功
2019-01-07 17:31:34,463  INFO: CTP	交易服务器连接断开
2019-01-07 17:31:36,329  INFO: CTP	行情服务器连接断开
2019-01-07 17:31:36,346  INFO: CTP	行情服务器连接断开
2019-01-07 17:31:48,048  INFO: CTP	交易服务器连接断开
2019-01-07 17:36:34,634  INFO: CTP	交易服务器连接成功
2019-01-07 17:36:38,349  INFO: CTP	交易服务器连接断开
2019-01-07 17:56:38,869  INFO: CTP	交易服务器连接成功
2019-01-07 17:56:42,315  INFO: CTP	交易服务器连接断开
2019-01-07 18:21:59,138  INFO: CTP	交易服务器连接成功
2019-01-07 18:22:02,246  INFO: CTP	交易服务器连接断开
2019-01-07 18:36:04,269  INFO: CTP	交易服务器连接成功
2019-01-07 18:36:08,224  INFO: CTP	交易服务器连接断开
2019-01-07 18:39:38,053  INFO: CTP	行情服务器连接成功
2019-01-07 18:39:38,068  INFO: CTP	行情服务器登录完成
2019-01-07 18:39:38,073  INFO: CTP	行情服务器连接成功
2019-01-07 18:39:38,076  INFO: CTP	行情服务器登录完成
2019-01-07 18:39:42,668  INFO: CTP	交易服务器连接成功
2019-01-07 18:39:48,325  INFO: CTP	交易服务器连接成功
2019-01-08 16:27:58,315  INFO: 事件引擎创建成功
2019-01-08 16:27:58,437  INFO: 主引擎创建成功
2019-01-08 16:27:58,437  INFO: 注册日志事件监听
2019-01-08 16:27:58,438  INFO: 启动CTA策略运行子进程
2019-01-08 16:27:58,438  INFO: 连接CTP接口
2019-01-08 16:27:58,489  INFO: MAIN_ENGINE	MongoDB连接成功
2019-01-08 16:27:58,673  INFO: CTP	行情服务器连接成功
2019-01-08 16:27:58,674  INFO: CTP	交易服务器连接成功
2019-01-08 16:27:58,674  INFO: CTP	行情服务器登录完成
2019-01-08 16:27:58,676  INFO: CTP	交易服务器登录完成
2019-01-08 16:27:58,677  INFO: CTP	结算信息确认完成
2019-01-08 16:27:58,861  INFO: CTP	交易合约信息获取完成
2019-01-08 16:28:04,043  INFO: 事件引擎创建成功
2019-01-08 16:28:04,063  INFO: 主引擎创建成功
2019-01-08 16:28:04,065  INFO: 注册日志事件监听
2019-01-08 16:28:04,065  INFO: 启动CTA策略运行子进程
2019-01-08 16:28:04,065  INFO: 连接CTP接口
2019-01-08 16:28:04,085  INFO: MAIN_ENGINE	MongoDB连接成功
2019-01-08 16:28:04,121  INFO: CTP	行情服务器连接成功
2019-01-08 16:28:04,124  INFO: CTP	交易服务器连接成功
2019-01-08 16:28:04,142  INFO: CTP	行情服务器登录完成
2019-01-08 16:28:04,154  INFO: CTP	交易服务器登录完成
2019-01-08 16:28:04,325  INFO: CTP	结算信息确认完成
2019-01-08 16:28:04,496  INFO: CTP	交易合约信息获取完成
2019-01-08 16:59:24,410  INFO: CTP	行情服务器连接断开
2019-01-08 16:59:24,426  INFO: CTP	行情服务器连接成功
2019-01-08 16:59:24,434  INFO: CTP	行情服务器连接断开
2019-01-08 16:59:24,437  INFO: CTP	行情服务器连接成功
2019-01-08 16:59:25,223  INFO: CTP	交易服务器连接断开
2019-01-08 16:59:25,233  INFO: CTP	交易服务器连接断开
2019-01-08 16:59:27,632  INFO: CTP	行情服务器连接断开
2019-01-08 16:59:27,655  INFO: CTP	行情服务器连接断开
2019-01-08 17:09:25,463  INFO: CTP	交易服务器连接成功
2019-01-08 17:09:25,506  INFO: CTP	交易服务器连接成功
2019-01-08 17:09:28,605  INFO: CTP	交易服务器连接断开
2019-01-08 17:09:28,618  INFO: CTP	交易服务器连接断开
2019-01-08 17:29:29,071  INFO: CTP	交易服务器连接成功
2019-01-08 17:29:29,099  INFO: CTP	交易服务器连接成功
2019-01-08 17:29:32,562  INFO: CTP	交易服务器连接断开
2019-01-08 17:29:32,581  INFO: CTP	交易服务器连接断开
2019-01-08 18:04:53,369  INFO: CTP	交易服务器连接成功
2019-01-08 18:04:56,473  INFO: CTP	交易服务器连接断开
2019-01-08 18:09:59,329  INFO: CTP	行情服务器连接成功
2019-01-08 18:10:02,460  INFO: CTP	行情服务器连接断开
2019-01-08 18:25:09,448  INFO: CTP	行情服务器连接成功
2019-01-08 18:25:12,453  INFO: CTP	行情服务器连接断开
2019-01-08 18:29:22,562  INFO: CTP	行情服务器连接成功
2019-01-08 18:29:22,588  INFO: CTP	行情服务器登录完成
2019-01-08 18:29:23,013  INFO: CTP	行情服务器连接成功
2019-01-08 18:29:23,026  INFO: CTP	行情服务器登录完成
2019-01-08 18:29:23,947  INFO: CTP	交易服务器连接成功
2019-01-08 18:29:27,026  INFO: CTP	交易服务器连接成功
